Copyright 1986-2017 Xilinx, Inc. All Rights Reserved.
------------------------------------------------------------------------------------
| Tool Version : Vivado v.2017.4 (win64) Build 2086221 Fri Dec 15 20:55:39 MST 2017
| Date         : Tue Apr 10 14:49:50 2018
| Host         : DESKTOP-JPATCP2 running 64-bit major release  (build 9200)
| Command      : upgrade_ip
| Device       : xc7z020clg400-2
------------------------------------------------------------------------------------

Upgrade Log for IP 'axi_lite_m_axi_lite_0_1'

1. Summary
----------

SUCCESS in the upgrade of axi_lite_m_axi_lite_0_1 (xilinx.com:user:m_axi_lite:1.0) from (Rev. 6) to (Rev. 7)






Copyright 1986-2017 Xilinx, Inc. All Rights Reserved.
------------------------------------------------------------------------------------
| Tool Version : Vivado v.2017.4 (win64) Build 2086221 Fri Dec 15 20:55:39 MST 2017
| Date         : Tue Apr 10 14:46:32 2018
| Host         : DESKTOP-JPATCP2 running 64-bit major release  (build 9200)
| Command      : upgrade_ip
| Device       : xc7z020clg400-2
------------------------------------------------------------------------------------

Upgrade Log for IP 'axi_lite_m_axi_lite_0_1'

1. Summary
----------

SUCCESS in the upgrade of axi_lite_m_axi_lite_0_1 (xilinx.com:user:m_axi_lite:1.0) from (Rev. 4) to (Rev. 6)

