11:41:57 INFO  : Registering command handlers for SDK TCF services
11:41:57 INFO  : Launching XSCT server: xsct.bat -interactive F:\FPGA_SOC\axi_lite\axi_lite\axi_lite.sdk\temp_xsdb_launch_script.tcl
11:42:00 INFO  : XSCT server has started successfully.
11:42:01 INFO  : Successfully done setting XSCT server connection channel  
11:42:01 INFO  : Successfully done setting SDK workspace  
11:42:01 INFO  : Processing command line option -hwspec F:/FPGA_SOC/axi_lite/axi_lite/axi_lite.sdk/axi_lite_wrapper.hdf.
13:47:51 INFO  : 'targets -set -filter {jtag_cable_name =~ "Digilent JTAG-HS2 201809056013" && level==0} -index 1' command is executed.
13:47:51 INFO  : 'fpga -state' command is executed.
13:47:51 INFO  : Connected to target on host '127.0.0.1' and port '3121'.
13:47:51 INFO  : Jtag cable 'Digilent JTAG-HS2 201809056013' is selected.
13:47:51 INFO  : 'jtag frequency' command is executed.
13:47:51 INFO  : Sourcing of 'F:/FPGA_SOC/axi_lite/axi_lite/axi_lite.sdk/axi_lite_wrapper_hw_platform_0/ps7_init.tcl' is done.
13:47:51 INFO  : Context for 'APU' is selected.
13:47:51 INFO  : Hardware design information is loaded from 'F:/FPGA_SOC/axi_lite/axi_lite/axi_lite.sdk/axi_lite_wrapper_hw_platform_0/system.hdf'.
13:47:51 INFO  : 'configparams force-mem-access 1' command is executed.
13:47:51 INFO  : Context for 'APU' is selected.
13:47:51 INFO  : 'stop' command is executed.
13:47:51 INFO  : 'ps7_init' command is executed.
13:47:51 INFO  : 'ps7_post_config' command is executed.
13:47:51 INFO  : Context for processor 'ps7_cortexa9_0' is selected.
13:47:51 INFO  : Processor reset is completed for 'ps7_cortexa9_0'.
13:47:51 INFO  : Context for processor 'ps7_cortexa9_0' is selected.
13:47:52 INFO  : The application 'F:/FPGA_SOC/axi_lite/axi_lite/axi_lite.sdk/m_axi_lite/Debug/m_axi_lite.elf' is downloaded to processor 'ps7_cortexa9_0'.
13:47:52 INFO  : 'configparams force-mem-access 0' command is executed.
13:47:52 INFO  : ----------------XSDB Script----------------
connect -url tcp:127.0.0.1:3121
source F:/FPGA_SOC/axi_lite/axi_lite/axi_lite.sdk/axi_lite_wrapper_hw_platform_0/ps7_init.tcl
targets -set -nocase -filter {name =~"APU*" && jtag_cable_name =~ "Digilent JTAG-HS2 201809056013"} -index 0
loadhw -hw F:/FPGA_SOC/axi_lite/axi_lite/axi_lite.sdk/axi_lite_wrapper_hw_platform_0/system.hdf -mem-ranges [list {0x40000000 0xbfffffff}]
configparams force-mem-access 1
targets -set -nocase -filter {name =~"APU*" && jtag_cable_name =~ "Digilent JTAG-HS2 201809056013"} -index 0
stop
ps7_init
ps7_post_config
targets -set -nocase -filter {name =~ "ARM*#0" && jtag_cable_name =~ "Digilent JTAG-HS2 201809056013"} -index 0
rst -processor
targets -set -nocase -filter {name =~ "ARM*#0" && jtag_cable_name =~ "Digilent JTAG-HS2 201809056013"} -index 0
dow F:/FPGA_SOC/axi_lite/axi_lite/axi_lite.sdk/m_axi_lite/Debug/m_axi_lite.elf
configparams force-mem-access 0
----------------End of Script----------------

13:47:52 INFO  : Memory regions updated for context APU
13:47:52 INFO  : Context for processor 'ps7_cortexa9_0' is selected.
13:47:52 INFO  : 'con' command is executed.
13:47:52 INFO  : ----------------XSDB Script (After Launch)----------------
targets -set -nocase -filter {name =~ "ARM*#0" && jtag_cable_name =~ "Digilent JTAG-HS2 201809056013"} -index 0
con
----------------End of Script----------------

13:47:52 INFO  : Launch script is exported to file 'F:\FPGA_SOC\axi_lite\axi_lite\axi_lite.sdk\.sdk\launch_scripts\xilinx_c-c++_application_(system_debugger)\system_debugger_using_debug_m_axi_lite.elf_on_local.tcl'
13:49:37 INFO  : Disconnected from the channel tcfchan#1.
13:49:39 INFO  : 'targets -set -filter {jtag_cable_name =~ "Digilent JTAG-HS2 201809056013" && level==0} -index 1' command is executed.
13:49:39 INFO  : 'fpga -state' command is executed.
13:49:39 INFO  : Connected to target on host '127.0.0.1' and port '3121'.
13:49:39 INFO  : Jtag cable 'Digilent JTAG-HS2 201809056013' is selected.
13:49:39 INFO  : 'jtag frequency' command is executed.
13:49:39 INFO  : Sourcing of 'F:/FPGA_SOC/axi_lite/axi_lite/axi_lite.sdk/axi_lite_wrapper_hw_platform_0/ps7_init.tcl' is done.
13:49:39 INFO  : Context for 'APU' is selected.
13:49:40 INFO  : Hardware design information is loaded from 'F:/FPGA_SOC/axi_lite/axi_lite/axi_lite.sdk/axi_lite_wrapper_hw_platform_0/system.hdf'.
13:49:40 INFO  : 'configparams force-mem-access 1' command is executed.
13:49:40 INFO  : Context for 'APU' is selected.
13:49:40 INFO  : 'stop' command is executed.
13:49:41 INFO  : 'ps7_init' command is executed.
13:49:41 INFO  : 'ps7_post_config' command is executed.
13:49:41 INFO  : Context for processor 'ps7_cortexa9_0' is selected.
13:49:41 INFO  : Processor reset is completed for 'ps7_cortexa9_0'.
13:49:41 INFO  : Context for processor 'ps7_cortexa9_0' is selected.
13:49:41 INFO  : The application 'F:/FPGA_SOC/axi_lite/axi_lite/axi_lite.sdk/m_axi_lite/Debug/m_axi_lite.elf' is downloaded to processor 'ps7_cortexa9_0'.
13:49:41 INFO  : 'configparams force-mem-access 0' command is executed.
13:49:41 INFO  : ----------------XSDB Script----------------
connect -url tcp:127.0.0.1:3121
source F:/FPGA_SOC/axi_lite/axi_lite/axi_lite.sdk/axi_lite_wrapper_hw_platform_0/ps7_init.tcl
targets -set -nocase -filter {name =~"APU*" && jtag_cable_name =~ "Digilent JTAG-HS2 201809056013"} -index 0
loadhw -hw F:/FPGA_SOC/axi_lite/axi_lite/axi_lite.sdk/axi_lite_wrapper_hw_platform_0/system.hdf -mem-ranges [list {0x40000000 0xbfffffff}]
configparams force-mem-access 1
targets -set -nocase -filter {name =~"APU*" && jtag_cable_name =~ "Digilent JTAG-HS2 201809056013"} -index 0
stop
ps7_init
ps7_post_config
targets -set -nocase -filter {name =~ "ARM*#0" && jtag_cable_name =~ "Digilent JTAG-HS2 201809056013"} -index 0
rst -processor
targets -set -nocase -filter {name =~ "ARM*#0" && jtag_cable_name =~ "Digilent JTAG-HS2 201809056013"} -index 0
dow F:/FPGA_SOC/axi_lite/axi_lite/axi_lite.sdk/m_axi_lite/Debug/m_axi_lite.elf
configparams force-mem-access 0
----------------End of Script----------------

13:49:41 INFO  : Memory regions updated for context APU
13:49:41 INFO  : Context for processor 'ps7_cortexa9_0' is selected.
13:49:41 INFO  : 'con' command is executed.
13:49:41 INFO  : ----------------XSDB Script (After Launch)----------------
targets -set -nocase -filter {name =~ "ARM*#0" && jtag_cable_name =~ "Digilent JTAG-HS2 201809056013"} -index 0
con
----------------End of Script----------------

13:49:41 INFO  : Launch script is exported to file 'F:\FPGA_SOC\axi_lite\axi_lite\axi_lite.sdk\.sdk\launch_scripts\xilinx_c-c++_application_(system_debugger)\system_debugger_using_debug_m_axi_lite.elf_on_local.tcl'
13:50:54 INFO  : Disconnected from the channel tcfchan#2.
13:50:55 INFO  : 'targets -set -filter {jtag_cable_name =~ "Digilent JTAG-HS2 201809056013" && level==0} -index 1' command is executed.
13:50:55 INFO  : 'fpga -state' command is executed.
13:50:55 INFO  : Connected to target on host '127.0.0.1' and port '3121'.
13:50:55 INFO  : Jtag cable 'Digilent JTAG-HS2 201809056013' is selected.
13:50:55 INFO  : 'jtag frequency' command is executed.
13:50:55 INFO  : Sourcing of 'F:/FPGA_SOC/axi_lite/axi_lite/axi_lite.sdk/axi_lite_wrapper_hw_platform_0/ps7_init.tcl' is done.
13:50:55 INFO  : Context for 'APU' is selected.
13:50:57 INFO  : Hardware design information is loaded from 'F:/FPGA_SOC/axi_lite/axi_lite/axi_lite.sdk/axi_lite_wrapper_hw_platform_0/system.hdf'.
13:50:57 INFO  : 'configparams force-mem-access 1' command is executed.
13:50:57 INFO  : Context for 'APU' is selected.
13:50:57 INFO  : 'stop' command is executed.
13:50:57 INFO  : 'ps7_init' command is executed.
13:50:57 INFO  : 'ps7_post_config' command is executed.
13:50:57 INFO  : Context for processor 'ps7_cortexa9_0' is selected.
13:50:57 INFO  : Processor reset is completed for 'ps7_cortexa9_0'.
13:50:57 INFO  : Context for processor 'ps7_cortexa9_0' is selected.
13:50:57 INFO  : The application 'F:/FPGA_SOC/axi_lite/axi_lite/axi_lite.sdk/m_axi_lite/Debug/m_axi_lite.elf' is downloaded to processor 'ps7_cortexa9_0'.
13:50:57 INFO  : 'configparams force-mem-access 0' command is executed.
13:50:57 INFO  : ----------------XSDB Script----------------
connect -url tcp:127.0.0.1:3121
source F:/FPGA_SOC/axi_lite/axi_lite/axi_lite.sdk/axi_lite_wrapper_hw_platform_0/ps7_init.tcl
targets -set -nocase -filter {name =~"APU*" && jtag_cable_name =~ "Digilent JTAG-HS2 201809056013"} -index 0
loadhw -hw F:/FPGA_SOC/axi_lite/axi_lite/axi_lite.sdk/axi_lite_wrapper_hw_platform_0/system.hdf -mem-ranges [list {0x40000000 0xbfffffff}]
configparams force-mem-access 1
targets -set -nocase -filter {name =~"APU*" && jtag_cable_name =~ "Digilent JTAG-HS2 201809056013"} -index 0
stop
ps7_init
ps7_post_config
targets -set -nocase -filter {name =~ "ARM*#0" && jtag_cable_name =~ "Digilent JTAG-HS2 201809056013"} -index 0
rst -processor
targets -set -nocase -filter {name =~ "ARM*#0" && jtag_cable_name =~ "Digilent JTAG-HS2 201809056013"} -index 0
dow F:/FPGA_SOC/axi_lite/axi_lite/axi_lite.sdk/m_axi_lite/Debug/m_axi_lite.elf
configparams force-mem-access 0
----------------End of Script----------------

13:50:57 INFO  : Memory regions updated for context APU
13:50:57 INFO  : Context for processor 'ps7_cortexa9_0' is selected.
13:50:57 INFO  : 'con' command is executed.
13:50:57 INFO  : ----------------XSDB Script (After Launch)----------------
targets -set -nocase -filter {name =~ "ARM*#0" && jtag_cable_name =~ "Digilent JTAG-HS2 201809056013"} -index 0
con
----------------End of Script----------------

13:50:57 INFO  : Launch script is exported to file 'F:\FPGA_SOC\axi_lite\axi_lite\axi_lite.sdk\.sdk\launch_scripts\xilinx_c-c++_application_(system_debugger)\system_debugger_using_debug_m_axi_lite.elf_on_local.tcl'
13:51:46 INFO  : Disconnected from the channel tcfchan#3.
13:51:47 INFO  : 'targets -set -filter {jtag_cable_name =~ "Digilent JTAG-HS2 201809056013" && level==0} -index 1' command is executed.
13:51:47 INFO  : 'fpga -state' command is executed.
13:51:47 INFO  : Connected to target on host '127.0.0.1' and port '3121'.
13:51:47 INFO  : Jtag cable 'Digilent JTAG-HS2 201809056013' is selected.
13:51:47 INFO  : 'jtag frequency' command is executed.
13:51:47 INFO  : Sourcing of 'F:/FPGA_SOC/axi_lite/axi_lite/axi_lite.sdk/axi_lite_wrapper_hw_platform_0/ps7_init.tcl' is done.
13:51:47 INFO  : Context for 'APU' is selected.
13:51:49 INFO  : Hardware design information is loaded from 'F:/FPGA_SOC/axi_lite/axi_lite/axi_lite.sdk/axi_lite_wrapper_hw_platform_0/system.hdf'.
13:51:49 INFO  : 'configparams force-mem-access 1' command is executed.
13:51:49 INFO  : Context for 'APU' is selected.
13:51:49 INFO  : 'stop' command is executed.
13:51:49 INFO  : 'ps7_init' command is executed.
13:51:49 INFO  : 'ps7_post_config' command is executed.
13:51:49 INFO  : Context for processor 'ps7_cortexa9_0' is selected.
13:51:49 INFO  : Processor reset is completed for 'ps7_cortexa9_0'.
13:51:49 INFO  : Context for processor 'ps7_cortexa9_0' is selected.
13:51:49 INFO  : The application 'F:/FPGA_SOC/axi_lite/axi_lite/axi_lite.sdk/m_axi_lite/Debug/m_axi_lite.elf' is downloaded to processor 'ps7_cortexa9_0'.
13:51:49 INFO  : 'configparams force-mem-access 0' command is executed.
13:51:49 INFO  : ----------------XSDB Script----------------
connect -url tcp:127.0.0.1:3121
source F:/FPGA_SOC/axi_lite/axi_lite/axi_lite.sdk/axi_lite_wrapper_hw_platform_0/ps7_init.tcl
targets -set -nocase -filter {name =~"APU*" && jtag_cable_name =~ "Digilent JTAG-HS2 201809056013"} -index 0
loadhw -hw F:/FPGA_SOC/axi_lite/axi_lite/axi_lite.sdk/axi_lite_wrapper_hw_platform_0/system.hdf -mem-ranges [list {0x40000000 0xbfffffff}]
configparams force-mem-access 1
targets -set -nocase -filter {name =~"APU*" && jtag_cable_name =~ "Digilent JTAG-HS2 201809056013"} -index 0
stop
ps7_init
ps7_post_config
targets -set -nocase -filter {name =~ "ARM*#0" && jtag_cable_name =~ "Digilent JTAG-HS2 201809056013"} -index 0
rst -processor
targets -set -nocase -filter {name =~ "ARM*#0" && jtag_cable_name =~ "Digilent JTAG-HS2 201809056013"} -index 0
dow F:/FPGA_SOC/axi_lite/axi_lite/axi_lite.sdk/m_axi_lite/Debug/m_axi_lite.elf
configparams force-mem-access 0
----------------End of Script----------------

13:51:49 INFO  : Memory regions updated for context APU
13:51:49 INFO  : Context for processor 'ps7_cortexa9_0' is selected.
13:51:49 INFO  : 'con' command is executed.
13:51:49 INFO  : ----------------XSDB Script (After Launch)----------------
targets -set -nocase -filter {name =~ "ARM*#0" && jtag_cable_name =~ "Digilent JTAG-HS2 201809056013"} -index 0
con
----------------End of Script----------------

13:51:49 INFO  : Launch script is exported to file 'F:\FPGA_SOC\axi_lite\axi_lite\axi_lite.sdk\.sdk\launch_scripts\xilinx_c-c++_application_(system_debugger)\system_debugger_using_debug_m_axi_lite.elf_on_local.tcl'
15:06:19 INFO  : Disconnected from the channel tcfchan#4.
15:06:20 INFO  : 'targets -set -filter {jtag_cable_name =~ "Digilent JTAG-HS2 201809056013" && level==0} -index 1' command is executed.
15:06:20 INFO  : 'fpga -state' command is executed.
15:06:20 INFO  : Connected to target on host '127.0.0.1' and port '3121'.
15:06:21 INFO  : Jtag cable 'Digilent JTAG-HS2 201809056013' is selected.
15:06:21 INFO  : 'jtag frequency' command is executed.
15:06:21 INFO  : Sourcing of 'F:/FPGA_SOC/axi_lite/axi_lite/axi_lite.sdk/axi_lite_wrapper_hw_platform_0/ps7_init.tcl' is done.
15:06:21 INFO  : Context for 'APU' is selected.
15:06:23 INFO  : Hardware design information is loaded from 'F:/FPGA_SOC/axi_lite/axi_lite/axi_lite.sdk/axi_lite_wrapper_hw_platform_0/system.hdf'.
15:06:23 INFO  : 'configparams force-mem-access 1' command is executed.
15:06:23 INFO  : Context for 'APU' is selected.
15:06:23 INFO  : 'stop' command is executed.
15:06:23 INFO  : 'ps7_init' command is executed.
15:06:23 INFO  : 'ps7_post_config' command is executed.
15:06:23 INFO  : Context for processor 'ps7_cortexa9_0' is selected.
15:06:23 INFO  : Processor reset is completed for 'ps7_cortexa9_0'.
15:06:23 INFO  : Context for processor 'ps7_cortexa9_0' is selected.
15:06:23 INFO  : The application 'F:/FPGA_SOC/axi_lite/axi_lite/axi_lite.sdk/m_axi_lite/Debug/m_axi_lite.elf' is downloaded to processor 'ps7_cortexa9_0'.
15:06:23 INFO  : 'configparams force-mem-access 0' command is executed.
15:06:23 INFO  : ----------------XSDB Script----------------
connect -url tcp:127.0.0.1:3121
source F:/FPGA_SOC/axi_lite/axi_lite/axi_lite.sdk/axi_lite_wrapper_hw_platform_0/ps7_init.tcl
targets -set -nocase -filter {name =~"APU*" && jtag_cable_name =~ "Digilent JTAG-HS2 201809056013"} -index 0
loadhw -hw F:/FPGA_SOC/axi_lite/axi_lite/axi_lite.sdk/axi_lite_wrapper_hw_platform_0/system.hdf -mem-ranges [list {0x40000000 0xbfffffff}]
configparams force-mem-access 1
targets -set -nocase -filter {name =~"APU*" && jtag_cable_name =~ "Digilent JTAG-HS2 201809056013"} -index 0
stop
ps7_init
ps7_post_config
targets -set -nocase -filter {name =~ "ARM*#0" && jtag_cable_name =~ "Digilent JTAG-HS2 201809056013"} -index 0
rst -processor
targets -set -nocase -filter {name =~ "ARM*#0" && jtag_cable_name =~ "Digilent JTAG-HS2 201809056013"} -index 0
dow F:/FPGA_SOC/axi_lite/axi_lite/axi_lite.sdk/m_axi_lite/Debug/m_axi_lite.elf
configparams force-mem-access 0
----------------End of Script----------------

15:06:23 INFO  : Memory regions updated for context APU
15:06:23 INFO  : Context for processor 'ps7_cortexa9_0' is selected.
15:06:23 INFO  : 'con' command is executed.
15:06:23 INFO  : ----------------XSDB Script (After Launch)----------------
targets -set -nocase -filter {name =~ "ARM*#0" && jtag_cable_name =~ "Digilent JTAG-HS2 201809056013"} -index 0
con
----------------End of Script----------------

15:06:23 INFO  : Launch script is exported to file 'F:\FPGA_SOC\axi_lite\axi_lite\axi_lite.sdk\.sdk\launch_scripts\xilinx_c-c++_application_(system_debugger)\system_debugger_using_debug_m_axi_lite.elf_on_local.tcl'
15:06:41 INFO  : Disconnected from the channel tcfchan#5.
15:06:42 INFO  : 'targets -set -filter {jtag_cable_name =~ "Digilent JTAG-HS2 201809056013" && level==0} -index 1' command is executed.
15:06:42 INFO  : 'fpga -state' command is executed.
15:06:42 INFO  : Connected to target on host '127.0.0.1' and port '3121'.
15:06:42 INFO  : Jtag cable 'Digilent JTAG-HS2 201809056013' is selected.
15:06:42 INFO  : 'jtag frequency' command is executed.
15:06:42 INFO  : Sourcing of 'F:/FPGA_SOC/axi_lite/axi_lite/axi_lite.sdk/axi_lite_wrapper_hw_platform_0/ps7_init.tcl' is done.
15:06:42 INFO  : Context for 'APU' is selected.
15:06:44 INFO  : Hardware design information is loaded from 'F:/FPGA_SOC/axi_lite/axi_lite/axi_lite.sdk/axi_lite_wrapper_hw_platform_0/system.hdf'.
15:06:44 INFO  : 'configparams force-mem-access 1' command is executed.
15:06:44 INFO  : Context for 'APU' is selected.
15:06:44 INFO  : 'stop' command is executed.
15:06:44 INFO  : 'ps7_init' command is executed.
15:06:44 INFO  : 'ps7_post_config' command is executed.
15:06:44 INFO  : Context for processor 'ps7_cortexa9_0' is selected.
15:06:44 INFO  : Processor reset is completed for 'ps7_cortexa9_0'.
15:06:44 INFO  : Context for processor 'ps7_cortexa9_0' is selected.
15:06:45 INFO  : The application 'F:/FPGA_SOC/axi_lite/axi_lite/axi_lite.sdk/m_axi_lite/Debug/m_axi_lite.elf' is downloaded to processor 'ps7_cortexa9_0'.
15:06:45 INFO  : 'configparams force-mem-access 0' command is executed.
15:06:45 INFO  : ----------------XSDB Script----------------
connect -url tcp:127.0.0.1:3121
source F:/FPGA_SOC/axi_lite/axi_lite/axi_lite.sdk/axi_lite_wrapper_hw_platform_0/ps7_init.tcl
targets -set -nocase -filter {name =~"APU*" && jtag_cable_name =~ "Digilent JTAG-HS2 201809056013"} -index 0
loadhw -hw F:/FPGA_SOC/axi_lite/axi_lite/axi_lite.sdk/axi_lite_wrapper_hw_platform_0/system.hdf -mem-ranges [list {0x40000000 0xbfffffff}]
configparams force-mem-access 1
targets -set -nocase -filter {name =~"APU*" && jtag_cable_name =~ "Digilent JTAG-HS2 201809056013"} -index 0
stop
ps7_init
ps7_post_config
targets -set -nocase -filter {name =~ "ARM*#0" && jtag_cable_name =~ "Digilent JTAG-HS2 201809056013"} -index 0
rst -processor
targets -set -nocase -filter {name =~ "ARM*#0" && jtag_cable_name =~ "Digilent JTAG-HS2 201809056013"} -index 0
dow F:/FPGA_SOC/axi_lite/axi_lite/axi_lite.sdk/m_axi_lite/Debug/m_axi_lite.elf
configparams force-mem-access 0
----------------End of Script----------------

15:06:45 INFO  : Memory regions updated for context APU
15:06:45 INFO  : Context for processor 'ps7_cortexa9_0' is selected.
15:06:45 INFO  : 'con' command is executed.
15:06:45 INFO  : ----------------XSDB Script (After Launch)----------------
targets -set -nocase -filter {name =~ "ARM*#0" && jtag_cable_name =~ "Digilent JTAG-HS2 201809056013"} -index 0
con
----------------End of Script----------------

15:06:45 INFO  : Launch script is exported to file 'F:\FPGA_SOC\axi_lite\axi_lite\axi_lite.sdk\.sdk\launch_scripts\xilinx_c-c++_application_(system_debugger)\system_debugger_using_debug_m_axi_lite.elf_on_local.tcl'
15:08:03 INFO  : Disconnected from the channel tcfchan#6.
15:08:05 INFO  : 'targets -set -filter {jtag_cable_name =~ "Digilent JTAG-HS2 201809056013" && level==0} -index 1' command is executed.
15:08:05 INFO  : 'fpga -state' command is executed.
15:08:05 INFO  : Connected to target on host '127.0.0.1' and port '3121'.
15:08:05 INFO  : Jtag cable 'Digilent JTAG-HS2 201809056013' is selected.
15:08:05 INFO  : 'jtag frequency' command is executed.
15:08:05 INFO  : Sourcing of 'F:/FPGA_SOC/axi_lite/axi_lite/axi_lite.sdk/axi_lite_wrapper_hw_platform_0/ps7_init.tcl' is done.
15:08:05 INFO  : Context for 'APU' is selected.
15:08:07 INFO  : Hardware design information is loaded from 'F:/FPGA_SOC/axi_lite/axi_lite/axi_lite.sdk/axi_lite_wrapper_hw_platform_0/system.hdf'.
15:08:07 INFO  : 'configparams force-mem-access 1' command is executed.
15:08:07 INFO  : Context for 'APU' is selected.
15:08:07 INFO  : 'stop' command is executed.
15:08:07 INFO  : 'ps7_init' command is executed.
15:08:07 INFO  : 'ps7_post_config' command is executed.
15:08:07 INFO  : Context for processor 'ps7_cortexa9_0' is selected.
15:08:07 INFO  : Processor reset is completed for 'ps7_cortexa9_0'.
15:08:07 INFO  : Context for processor 'ps7_cortexa9_0' is selected.
15:08:07 INFO  : The application 'F:/FPGA_SOC/axi_lite/axi_lite/axi_lite.sdk/m_axi_lite/Debug/m_axi_lite.elf' is downloaded to processor 'ps7_cortexa9_0'.
15:08:07 INFO  : 'configparams force-mem-access 0' command is executed.
15:08:07 INFO  : ----------------XSDB Script----------------
connect -url tcp:127.0.0.1:3121
source F:/FPGA_SOC/axi_lite/axi_lite/axi_lite.sdk/axi_lite_wrapper_hw_platform_0/ps7_init.tcl
targets -set -nocase -filter {name =~"APU*" && jtag_cable_name =~ "Digilent JTAG-HS2 201809056013"} -index 0
loadhw -hw F:/FPGA_SOC/axi_lite/axi_lite/axi_lite.sdk/axi_lite_wrapper_hw_platform_0/system.hdf -mem-ranges [list {0x40000000 0xbfffffff}]
configparams force-mem-access 1
targets -set -nocase -filter {name =~"APU*" && jtag_cable_name =~ "Digilent JTAG-HS2 201809056013"} -index 0
stop
ps7_init
ps7_post_config
targets -set -nocase -filter {name =~ "ARM*#0" && jtag_cable_name =~ "Digilent JTAG-HS2 201809056013"} -index 0
rst -processor
targets -set -nocase -filter {name =~ "ARM*#0" && jtag_cable_name =~ "Digilent JTAG-HS2 201809056013"} -index 0
dow F:/FPGA_SOC/axi_lite/axi_lite/axi_lite.sdk/m_axi_lite/Debug/m_axi_lite.elf
configparams force-mem-access 0
----------------End of Script----------------

15:08:07 INFO  : Memory regions updated for context APU
15:08:07 INFO  : Context for processor 'ps7_cortexa9_0' is selected.
15:08:07 INFO  : 'con' command is executed.
15:08:07 INFO  : ----------------XSDB Script (After Launch)----------------
targets -set -nocase -filter {name =~ "ARM*#0" && jtag_cable_name =~ "Digilent JTAG-HS2 201809056013"} -index 0
con
----------------End of Script----------------

15:08:07 INFO  : Launch script is exported to file 'F:\FPGA_SOC\axi_lite\axi_lite\axi_lite.sdk\.sdk\launch_scripts\xilinx_c-c++_application_(system_debugger)\system_debugger_using_debug_m_axi_lite.elf_on_local.tcl'
15:10:57 INFO  : Disconnected from the channel tcfchan#7.
15:10:58 INFO  : 'targets -set -filter {jtag_cable_name =~ "Digilent JTAG-HS2 201809056013" && level==0} -index 1' command is executed.
15:10:58 INFO  : 'fpga -state' command is executed.
15:10:58 INFO  : Connected to target on host '127.0.0.1' and port '3121'.
15:10:58 INFO  : Jtag cable 'Digilent JTAG-HS2 201809056013' is selected.
15:10:58 INFO  : 'jtag frequency' command is executed.
15:10:58 INFO  : Sourcing of 'F:/FPGA_SOC/axi_lite/axi_lite/axi_lite.sdk/axi_lite_wrapper_hw_platform_0/ps7_init.tcl' is done.
15:10:58 INFO  : Context for 'APU' is selected.
15:11:00 INFO  : Hardware design information is loaded from 'F:/FPGA_SOC/axi_lite/axi_lite/axi_lite.sdk/axi_lite_wrapper_hw_platform_0/system.hdf'.
15:11:00 INFO  : 'configparams force-mem-access 1' command is executed.
15:11:00 INFO  : Context for 'APU' is selected.
15:11:00 INFO  : 'stop' command is executed.
15:11:00 INFO  : 'ps7_init' command is executed.
15:11:00 INFO  : 'ps7_post_config' command is executed.
15:11:00 INFO  : Context for processor 'ps7_cortexa9_0' is selected.
15:11:00 INFO  : Processor reset is completed for 'ps7_cortexa9_0'.
15:11:00 INFO  : Context for processor 'ps7_cortexa9_0' is selected.
15:11:00 INFO  : The application 'F:/FPGA_SOC/axi_lite/axi_lite/axi_lite.sdk/m_axi_lite/Debug/m_axi_lite.elf' is downloaded to processor 'ps7_cortexa9_0'.
15:11:00 INFO  : 'configparams force-mem-access 0' command is executed.
15:11:00 INFO  : ----------------XSDB Script----------------
connect -url tcp:127.0.0.1:3121
source F:/FPGA_SOC/axi_lite/axi_lite/axi_lite.sdk/axi_lite_wrapper_hw_platform_0/ps7_init.tcl
targets -set -nocase -filter {name =~"APU*" && jtag_cable_name =~ "Digilent JTAG-HS2 201809056013"} -index 0
loadhw -hw F:/FPGA_SOC/axi_lite/axi_lite/axi_lite.sdk/axi_lite_wrapper_hw_platform_0/system.hdf -mem-ranges [list {0x40000000 0xbfffffff}]
configparams force-mem-access 1
targets -set -nocase -filter {name =~"APU*" && jtag_cable_name =~ "Digilent JTAG-HS2 201809056013"} -index 0
stop
ps7_init
ps7_post_config
targets -set -nocase -filter {name =~ "ARM*#0" && jtag_cable_name =~ "Digilent JTAG-HS2 201809056013"} -index 0
rst -processor
targets -set -nocase -filter {name =~ "ARM*#0" && jtag_cable_name =~ "Digilent JTAG-HS2 201809056013"} -index 0
dow F:/FPGA_SOC/axi_lite/axi_lite/axi_lite.sdk/m_axi_lite/Debug/m_axi_lite.elf
configparams force-mem-access 0
----------------End of Script----------------

15:11:00 INFO  : Memory regions updated for context APU
15:11:01 INFO  : Context for processor 'ps7_cortexa9_0' is selected.
15:11:01 INFO  : 'con' command is executed.
15:11:01 INFO  : ----------------XSDB Script (After Launch)----------------
targets -set -nocase -filter {name =~ "ARM*#0" && jtag_cable_name =~ "Digilent JTAG-HS2 201809056013"} -index 0
con
----------------End of Script----------------

15:11:01 INFO  : Launch script is exported to file 'F:\FPGA_SOC\axi_lite\axi_lite\axi_lite.sdk\.sdk\launch_scripts\xilinx_c-c++_application_(system_debugger)\system_debugger_using_debug_m_axi_lite.elf_on_local.tcl'
15:11:09 INFO  : Disconnected from the channel tcfchan#8.
15:11:10 INFO  : 'targets -set -filter {jtag_cable_name =~ "Digilent JTAG-HS2 201809056013" && level==0} -index 1' command is executed.
15:11:10 INFO  : 'fpga -state' command is executed.
15:11:10 INFO  : Connected to target on host '127.0.0.1' and port '3121'.
15:11:10 INFO  : Jtag cable 'Digilent JTAG-HS2 201809056013' is selected.
15:11:10 INFO  : 'jtag frequency' command is executed.
15:11:10 INFO  : Sourcing of 'F:/FPGA_SOC/axi_lite/axi_lite/axi_lite.sdk/axi_lite_wrapper_hw_platform_0/ps7_init.tcl' is done.
15:11:10 INFO  : Context for 'APU' is selected.
15:11:12 INFO  : Hardware design information is loaded from 'F:/FPGA_SOC/axi_lite/axi_lite/axi_lite.sdk/axi_lite_wrapper_hw_platform_0/system.hdf'.
15:11:12 INFO  : 'configparams force-mem-access 1' command is executed.
15:11:12 INFO  : Context for 'APU' is selected.
15:11:12 INFO  : 'stop' command is executed.
15:11:12 INFO  : 'ps7_init' command is executed.
15:11:12 INFO  : 'ps7_post_config' command is executed.
15:11:12 INFO  : Context for processor 'ps7_cortexa9_0' is selected.
15:11:12 INFO  : Processor reset is completed for 'ps7_cortexa9_0'.
15:11:12 INFO  : Context for processor 'ps7_cortexa9_0' is selected.
15:11:12 INFO  : The application 'F:/FPGA_SOC/axi_lite/axi_lite/axi_lite.sdk/m_axi_lite/Debug/m_axi_lite.elf' is downloaded to processor 'ps7_cortexa9_0'.
15:11:12 INFO  : 'configparams force-mem-access 0' command is executed.
15:11:12 INFO  : ----------------XSDB Script----------------
connect -url tcp:127.0.0.1:3121
source F:/FPGA_SOC/axi_lite/axi_lite/axi_lite.sdk/axi_lite_wrapper_hw_platform_0/ps7_init.tcl
targets -set -nocase -filter {name =~"APU*" && jtag_cable_name =~ "Digilent JTAG-HS2 201809056013"} -index 0
loadhw -hw F:/FPGA_SOC/axi_lite/axi_lite/axi_lite.sdk/axi_lite_wrapper_hw_platform_0/system.hdf -mem-ranges [list {0x40000000 0xbfffffff}]
configparams force-mem-access 1
targets -set -nocase -filter {name =~"APU*" && jtag_cable_name =~ "Digilent JTAG-HS2 201809056013"} -index 0
stop
ps7_init
ps7_post_config
targets -set -nocase -filter {name =~ "ARM*#0" && jtag_cable_name =~ "Digilent JTAG-HS2 201809056013"} -index 0
rst -processor
targets -set -nocase -filter {name =~ "ARM*#0" && jtag_cable_name =~ "Digilent JTAG-HS2 201809056013"} -index 0
dow F:/FPGA_SOC/axi_lite/axi_lite/axi_lite.sdk/m_axi_lite/Debug/m_axi_lite.elf
configparams force-mem-access 0
----------------End of Script----------------

15:11:12 INFO  : Memory regions updated for context APU
15:11:12 INFO  : Context for processor 'ps7_cortexa9_0' is selected.
15:11:12 INFO  : 'con' command is executed.
15:11:12 INFO  : ----------------XSDB Script (After Launch)----------------
targets -set -nocase -filter {name =~ "ARM*#0" && jtag_cable_name =~ "Digilent JTAG-HS2 201809056013"} -index 0
con
----------------End of Script----------------

15:11:12 INFO  : Launch script is exported to file 'F:\FPGA_SOC\axi_lite\axi_lite\axi_lite.sdk\.sdk\launch_scripts\xilinx_c-c++_application_(system_debugger)\system_debugger_using_debug_m_axi_lite.elf_on_local.tcl'
16:11:08 INFO  : Disconnected from the channel tcfchan#9.
